{"/home/optimus/ReactJS/coderama-movie-database/src/components/Loader.tsx": {"path":"/home/optimus/ReactJS/coderama-movie-database/src/components/Loader.tsx","statementMap":{"0":{"start":{"line":1,"column":15},"end":{"line":4,"column":null}},"1":{"start":{"line":2,"column":2},"end":{"line":3,"column":null}},"2":{"start":{"line":7,"column":0},"end":{"line":7,"column":22}}},"fnMap":{"0":{"name":"(anonymous_0)","decl":{"start":{"line":1,"column":15},"end":{"line":1,"column":18}},"loc":{"start":{"line":2,"column":2},"end":{"line":3,"column":null}}}},"branchMap":{},"s":{"0":1,"1":4,"2":1},"f":{"0":4},"b":{}}
,"/home/optimus/ReactJS/coderama-movie-database/src/components/MovieCard.tsx": {"path":"/home/optimus/ReactJS/coderama-movie-database/src/components/MovieCard.tsx","statementMap":{"0":{"start":{"line":1,"column":0},"end":{"line":1,"column":40}},"1":{"start":{"line":4,"column":18},"end":{"line":16,"column":null}},"2":{"start":{"line":5,"column":2},"end":{"line":15,"column":null}},"3":{"start":{"line":19,"column":0},"end":{"line":19,"column":25}}},"fnMap":{"0":{"name":"(anonymous_0)","decl":{"start":{"line":4,"column":18},"end":{"line":4,"column":19}},"loc":{"start":{"line":5,"column":2},"end":{"line":15,"column":null}}}},"branchMap":{},"s":{"0":3,"1":3,"2":12,"3":3},"f":{"0":12},"b":{}}
,"/home/optimus/ReactJS/coderama-movie-database/src/components/StarButton.tsx": {"path":"/home/optimus/ReactJS/coderama-movie-database/src/components/StarButton.tsx","statementMap":{"0":{"start":{"line":1,"column":0},"end":{"line":1,"column":59}},"1":{"start":{"line":2,"column":0},"end":{"line":2,"column":61}},"2":{"start":{"line":4,"column":19},"end":{"line":23,"column":null}},"3":{"start":{"line":13,"column":2},"end":{"line":22,"column":null}},"4":{"start":{"line":26,"column":0},"end":{"line":26,"column":26}}},"fnMap":{"0":{"name":"(anonymous_1)","decl":{"start":{"line":4,"column":19},"end":{"line":4,"column":20}},"loc":{"start":{"line":13,"column":2},"end":{"line":22,"column":null}}}},"branchMap":{"0":{"loc":{"start":{"line":7,"column":2},"end":{"line":7,"column":11}},"type":"default-arg","locations":[{"start":{"line":7,"column":9},"end":{"line":7,"column":11}}]},"1":{"loc":{"start":{"line":15,"column":16},"end":{"line":15,"column":53}},"type":"cond-expr","locations":[{"start":{"line":15,"column":28},"end":{"line":15,"column":40}},{"start":{"line":15,"column":43},"end":{"line":15,"column":53}}]},"2":{"loc":{"start":{"line":16,"column":11},"end":{"line":16,"column":48}},"type":"cond-expr","locations":[{"start":{"line":16,"column":23},"end":{"line":16,"column":35}},{"start":{"line":16,"column":38},"end":{"line":16,"column":48}}]},"3":{"loc":{"start":{"line":18,"column":5},"end":{"line":21,"column":null}},"type":"cond-expr","locations":[{"start":{"line":19,"column":6},"end":{"line":19,"column":54}},{"start":{"line":21,"column":6},"end":{"line":21,"column":53}}]}},"s":{"0":1,"1":1,"2":1,"3":4,"4":1},"f":{"0":4},"b":{"0":[4],"1":[1,3],"2":[1,3],"3":[1,3]}}
,"/home/optimus/ReactJS/coderama-movie-database/src/config/index.ts": {"path":"/home/optimus/ReactJS/coderama-movie-database/src/config/index.ts","statementMap":{"0":{"start":{"line":1,"column":13},"end":{"line":1,"column":58}},"1":{"start":{"line":2,"column":13},"end":{"line":2,"column":43}},"2":{"start":{"line":4,"column":13},"end":{"line":4,"column":39}},"3":{"start":{"line":6,"column":13},"end":{"line":16,"column":2}},"4":{"start":{"line":18,"column":13},"end":{"line":18,"column":41}},"5":{"start":{"line":19,"column":13},"end":{"line":19,"column":35}},"6":{"start":{"line":20,"column":13},"end":{"line":20,"column":35}},"7":{"start":{"line":22,"column":13},"end":{"line":22,"column":34}},"8":{"start":{"line":25,"column":13},"end":{"line":25,"column":34}}},"fnMap":{},"branchMap":{},"s":{"0":4,"1":4,"2":4,"3":4,"4":4,"5":4,"6":4,"7":4,"8":4},"f":{},"b":{}}
,"/home/optimus/ReactJS/coderama-movie-database/src/context/FavoritesContext.tsx": {"path":"/home/optimus/ReactJS/coderama-movie-database/src/context/FavoritesContext.tsx","statementMap":{"0":{"start":{"line":1,"column":0},"end":{"line":1,"column":73}},"1":{"start":{"line":2,"column":0},"end":{"line":2,"column":42}},"2":{"start":{"line":4,"column":0},"end":{"line":4,"column":48}},"3":{"start":{"line":15,"column":25},"end":{"line":16,"column":null}},"4":{"start":{"line":20,"column":28},"end":{"line":30,"column":1}},"5":{"start":{"line":21,"column":18},"end":{"line":21,"column":46}},"6":{"start":{"line":23,"column":2},"end":{"line":27,"column":3}},"7":{"start":{"line":24,"column":4},"end":{"line":26,"column":6}},"8":{"start":{"line":29,"column":2},"end":{"line":29,"column":17}},"9":{"start":{"line":20,"column":13},"end":{"line":20,"column":28}},"10":{"start":{"line":32,"column":25},"end":{"line":45,"column":1}},"11":{"start":{"line":36,"column":2},"end":{"line":44,"column":3}},"12":{"start":{"line":38,"column":6},"end":{"line":38,"column":38}},"13":{"start":{"line":40,"column":6},"end":{"line":40,"column":67}},"14":{"start":{"line":40,"column":37},"end":{"line":40,"column":65}},"15":{"start":{"line":47,"column":33},"end":{"line":65,"column":1}},"16":{"start":{"line":52,"column":32},"end":{"line":53,"column":null}},"17":{"start":{"line":53,"column":4},"end":{"line":53,"column":39}},"18":{"start":{"line":56,"column":2},"end":{"line":58,"column":18}},"19":{"start":{"line":57,"column":4},"end":{"line":57,"column":67}},"20":{"start":{"line":60,"column":2},"end":{"line":64,"column":4}},"21":{"start":{"line":47,"column":13},"end":{"line":47,"column":33}}},"fnMap":{"0":{"name":"(anonymous_0)","decl":{"start":{"line":20,"column":28},"end":{"line":20,"column":31}},"loc":{"start":{"line":20,"column":33},"end":{"line":30,"column":1}}},"1":{"name":"(anonymous_1)","decl":{"start":{"line":32,"column":25},"end":{"line":32,"column":null}},"loc":{"start":{"line":35,"column":4},"end":{"line":45,"column":1}}},"2":{"name":"(anonymous_2)","decl":{"start":{"line":40,"column":26},"end":{"line":40,"column":27}},"loc":{"start":{"line":40,"column":37},"end":{"line":40,"column":65}}},"3":{"name":"(anonymous_3)","decl":{"start":{"line":47,"column":33},"end":{"line":47,"column":34}},"loc":{"start":{"line":51,"column":5},"end":{"line":65,"column":1}}},"4":{"name":"(anonymous_4)","decl":{"start":{"line":52,"column":65},"end":{"line":52,"column":68}},"loc":{"start":{"line":53,"column":4},"end":{"line":53,"column":39}}},"5":{"name":"(anonymous_5)","decl":{"start":{"line":56,"column":12},"end":{"line":56,"column":15}},"loc":{"start":{"line":56,"column":17},"end":{"line":58,"column":3}}}},"branchMap":{"0":{"loc":{"start":{"line":23,"column":2},"end":{"line":27,"column":3}},"type":"if","locations":[{"start":{"line":23,"column":2},"end":{"line":27,"column":3}}]},"1":{"loc":{"start":{"line":36,"column":2},"end":{"line":44,"column":3}},"type":"switch","locations":[{"start":{"line":37,"column":4},"end":{"line":38,"column":38}},{"start":{"line":39,"column":4},"end":{"line":40,"column":67}}]}},"s":{"0":4,"1":4,"2":4,"3":4,"4":4,"5":13,"6":13,"7":0,"8":13,"9":4,"10":4,"11":2,"12":1,"13":1,"14":1,"15":4,"16":13,"17":11,"18":13,"19":13,"20":13,"21":4},"f":{"0":13,"1":2,"2":1,"3":13,"4":11,"5":13},"b":{"0":[0],"1":[1,1]}}
,"/home/optimus/ReactJS/coderama-movie-database/src/hooks/useMovieDetail.ts": {"path":"/home/optimus/ReactJS/coderama-movie-database/src/hooks/useMovieDetail.ts","statementMap":{"0":{"start":{"line":1,"column":0},"end":{"line":1,"column":39}},"1":{"start":{"line":2,"column":0},"end":{"line":2,"column":63}},"2":{"start":{"line":5,"column":25},"end":{"line":12,"column":1}},"3":{"start":{"line":6,"column":19},"end":{"line":7,"column":null}},"4":{"start":{"line":10,"column":15},"end":{"line":10,"column":36}},"5":{"start":{"line":11,"column":2},"end":{"line":11,"column":14}},"6":{"start":{"line":14,"column":30},"end":{"line":22,"column":1}},"7":{"start":{"line":15,"column":18},"end":{"line":15,"column":22}},"8":{"start":{"line":17,"column":2},"end":{"line":21,"column":5}},"9":{"start":{"line":20,"column":19},"end":{"line":20,"column":39}},"10":{"start":{"line":14,"column":13},"end":{"line":14,"column":30}}},"fnMap":{"0":{"name":"(anonymous_0)","decl":{"start":{"line":5,"column":25},"end":{"line":5,"column":30}},"loc":{"start":{"line":5,"column":46},"end":{"line":12,"column":1}}},"1":{"name":"(anonymous_1)","decl":{"start":{"line":14,"column":30},"end":{"line":14,"column":31}},"loc":{"start":{"line":14,"column":45},"end":{"line":22,"column":1}}},"2":{"name":"(anonymous_2)","decl":{"start":{"line":20,"column":13},"end":{"line":20,"column":16}},"loc":{"start":{"line":20,"column":19},"end":{"line":20,"column":39}}}},"branchMap":{},"s":{"0":1,"1":1,"2":1,"3":4,"4":4,"5":3,"6":1,"7":10,"8":10,"9":4,"10":1},"f":{"0":4,"1":10,"2":4},"b":{}}
,"/home/optimus/ReactJS/coderama-movie-database/src/hooks/useSearchMovies.ts": {"path":"/home/optimus/ReactJS/coderama-movie-database/src/hooks/useSearchMovies.ts","statementMap":{"0":{"start":{"line":1,"column":0},"end":{"line":1,"column":47}},"1":{"start":{"line":2,"column":0},"end":{"line":2,"column":null}},"2":{"start":{"line":10,"column":20},"end":{"line":23,"column":1}},"3":{"start":{"line":17,"column":19},"end":{"line":18,"column":null}},"4":{"start":{"line":21,"column":15},"end":{"line":21,"column":36}},"5":{"start":{"line":22,"column":2},"end":{"line":22,"column":14}},"6":{"start":{"line":25,"column":31},"end":{"line":39,"column":1}},"7":{"start":{"line":26,"column":23},"end":{"line":26,"column":60}},"8":{"start":{"line":28,"column":2},"end":{"line":38,"column":5}},"9":{"start":{"line":31,"column":32},"end":{"line":31,"column":65}},"10":{"start":{"line":33,"column":20},"end":{"line":33,"column":54}},"11":{"start":{"line":34,"column":6},"end":{"line":36,"column":20}},"12":{"start":{"line":25,"column":13},"end":{"line":25,"column":31}}},"fnMap":{"0":{"name":"(anonymous_0)","decl":{"start":{"line":10,"column":20},"end":{"line":10,"column":25}},"loc":{"start":{"line":16,"column":5},"end":{"line":23,"column":1}}},"1":{"name":"(anonymous_1)","decl":{"start":{"line":25,"column":31},"end":{"line":25,"column":32}},"loc":{"start":{"line":25,"column":49},"end":{"line":39,"column":1}}},"2":{"name":"(anonymous_2)","decl":{"start":{"line":31,"column":13},"end":{"line":31,"column":14}},"loc":{"start":{"line":31,"column":32},"end":{"line":31,"column":65}}},"3":{"name":"(anonymous_3)","decl":{"start":{"line":32,"column":22},"end":{"line":32,"column":23}},"loc":{"start":{"line":32,"column":45},"end":{"line":37,"column":5}}}},"branchMap":{"0":{"loc":{"start":{"line":11,"column":2},"end":{"line":11,"column":15}},"type":"default-arg","locations":[{"start":{"line":11,"column":14},"end":{"line":11,"column":15}}]},"1":{"loc":{"start":{"line":33,"column":20},"end":{"line":33,"column":54}},"type":"binary-expr","locations":[{"start":{"line":33,"column":20},"end":{"line":33,"column":49}},{"start":{"line":33,"column":53},"end":{"line":33,"column":54}}]},"2":{"loc":{"start":{"line":34,"column":13},"end":{"line":36,"column":19}},"type":"cond-expr","locations":[{"start":{"line":35,"column":10},"end":{"line":35,"column":29}},{"start":{"line":36,"column":10},"end":{"line":36,"column":19}}]}},"s":{"0":1,"1":1,"2":1,"3":2,"4":2,"5":2,"6":1,"7":11,"8":11,"9":2,"10":6,"11":6,"12":1},"f":{"0":2,"1":11,"2":2,"3":6},"b":{"0":[2],"1":[6,3],"2":[3,3]}}
,"/home/optimus/ReactJS/coderama-movie-database/src/pages/FavoritesPage.tsx": {"path":"/home/optimus/ReactJS/coderama-movie-database/src/pages/FavoritesPage.tsx","statementMap":{"0":{"start":{"line":1,"column":0},"end":{"line":1,"column":48}},"1":{"start":{"line":2,"column":0},"end":{"line":2,"column":59}},"2":{"start":{"line":4,"column":22},"end":{"line":27,"column":1}},"3":{"start":{"line":5,"column":24},"end":{"line":5,"column":38}},"4":{"start":{"line":7,"column":26},"end":{"line":19,"column":3}},"5":{"start":{"line":8,"column":4},"end":{"line":10,"column":5}},"6":{"start":{"line":9,"column":6},"end":{"line":9,"column":66}},"7":{"start":{"line":12,"column":4},"end":{"line":18,"column":6}},"8":{"start":{"line":15,"column":10},"end":{"line":15,"column":40}},"9":{"start":{"line":21,"column":2},"end":{"line":26,"column":4}},"10":{"start":{"line":29,"column":0},"end":{"line":29,"column":29}}},"fnMap":{"0":{"name":"(anonymous_1)","decl":{"start":{"line":4,"column":22},"end":{"line":4,"column":25}},"loc":{"start":{"line":4,"column":27},"end":{"line":27,"column":1}}},"1":{"name":"(anonymous_2)","decl":{"start":{"line":7,"column":26},"end":{"line":7,"column":29}},"loc":{"start":{"line":7,"column":31},"end":{"line":19,"column":3}}},"2":{"name":"(anonymous_3)","decl":{"start":{"line":14,"column":24},"end":{"line":14,"column":25}},"loc":{"start":{"line":15,"column":10},"end":{"line":15,"column":40}}}},"branchMap":{"0":{"loc":{"start":{"line":8,"column":4},"end":{"line":10,"column":5}},"type":"if","locations":[{"start":{"line":8,"column":4},"end":{"line":10,"column":5}}]}},"s":{"0":2,"1":2,"2":2,"3":3,"4":3,"5":3,"6":2,"7":1,"8":2,"9":3,"10":2},"f":{"0":3,"1":3,"2":2},"b":{"0":[2]}}
,"/home/optimus/ReactJS/coderama-movie-database/src/pages/MoviePage.tsx": {"path":"/home/optimus/ReactJS/coderama-movie-database/src/pages/MoviePage.tsx","statementMap":{"0":{"start":{"line":1,"column":0},"end":{"line":1,"column":45}},"1":{"start":{"line":2,"column":0},"end":{"line":2,"column":42}},"2":{"start":{"line":3,"column":0},"end":{"line":3,"column":50}},"3":{"start":{"line":4,"column":0},"end":{"line":4,"column":59}},"4":{"start":{"line":5,"column":0},"end":{"line":5,"column":57}},"5":{"start":{"line":11,"column":18},"end":{"line":80,"column":1}},"6":{"start":{"line":12,"column":17},"end":{"line":12,"column":41}},"7":{"start":{"line":13,"column":47},"end":{"line":13,"column":66}},"8":{"start":{"line":14,"column":34},"end":{"line":14,"column":48}},"9":{"start":{"line":16,"column":2},"end":{"line":22,"column":3}},"10":{"start":{"line":17,"column":4},"end":{"line":21,"column":6}},"11":{"start":{"line":24,"column":2},"end":{"line":26,"column":3}},"12":{"start":{"line":25,"column":4},"end":{"line":25,"column":22}},"13":{"start":{"line":28,"column":2},"end":{"line":34,"column":3}},"14":{"start":{"line":29,"column":4},"end":{"line":33,"column":6}},"15":{"start":{"line":36,"column":23},"end":{"line":48,"column":3}},"16":{"start":{"line":37,"column":4},"end":{"line":39,"column":5}},"17":{"start":{"line":38,"column":6},"end":{"line":38,"column":19}},"18":{"start":{"line":41,"column":22},"end":{"line":41,"column":76}},"19":{"start":{"line":41,"column":49},"end":{"line":41,"column":75}},"20":{"start":{"line":43,"column":20},"end":{"line":45,"column":61}},"21":{"start":{"line":44,"column":14},"end":{"line":44,"column":70}},"22":{"start":{"line":45,"column":14},"end":{"line":45,"column":61}},"23":{"start":{"line":47,"column":4},"end":{"line":47,"column":66}},"24":{"start":{"line":50,"column":2},"end":{"line":79,"column":4}},"25":{"start":{"line":82,"column":0},"end":{"line":82,"column":25}}},"fnMap":{"0":{"name":"(anonymous_1)","decl":{"start":{"line":11,"column":18},"end":{"line":11,"column":21}},"loc":{"start":{"line":11,"column":23},"end":{"line":80,"column":1}}},"1":{"name":"(anonymous_2)","decl":{"start":{"line":36,"column":23},"end":{"line":36,"column":26}},"loc":{"start":{"line":36,"column":28},"end":{"line":48,"column":3}}},"2":{"name":"(anonymous_3)","decl":{"start":{"line":41,"column":38},"end":{"line":41,"column":39}},"loc":{"start":{"line":41,"column":49},"end":{"line":41,"column":75}}},"3":{"name":"(anonymous_4)","decl":{"start":{"line":44,"column":8},"end":{"line":44,"column":11}},"loc":{"start":{"line":44,"column":14},"end":{"line":44,"column":70}}},"4":{"name":"(anonymous_5)","decl":{"start":{"line":45,"column":8},"end":{"line":45,"column":11}},"loc":{"start":{"line":45,"column":14},"end":{"line":45,"column":61}}}},"branchMap":{"0":{"loc":{"start":{"line":16,"column":2},"end":{"line":22,"column":3}},"type":"if","locations":[{"start":{"line":16,"column":2},"end":{"line":22,"column":3}}]},"1":{"loc":{"start":{"line":24,"column":2},"end":{"line":26,"column":3}},"type":"if","locations":[{"start":{"line":24,"column":2},"end":{"line":26,"column":3}}]},"2":{"loc":{"start":{"line":28,"column":2},"end":{"line":34,"column":3}},"type":"if","locations":[{"start":{"line":28,"column":2},"end":{"line":34,"column":3}}]},"3":{"loc":{"start":{"line":37,"column":4},"end":{"line":39,"column":5}},"type":"if","locations":[{"start":{"line":37,"column":4},"end":{"line":39,"column":5}}]},"4":{"loc":{"start":{"line":43,"column":20},"end":{"line":45,"column":61}},"type":"cond-expr","locations":[{"start":{"line":44,"column":8},"end":{"line":44,"column":70}},{"start":{"line":45,"column":8},"end":{"line":45,"column":61}}]}},"s":{"0":1,"1":1,"2":1,"3":1,"4":1,"5":1,"6":10,"7":10,"8":10,"9":10,"10":1,"11":9,"12":4,"13":5,"14":1,"15":4,"16":4,"17":0,"18":4,"19":1,"20":4,"21":1,"22":1,"23":4,"24":4,"25":1},"f":{"0":10,"1":4,"2":1,"3":1,"4":1},"b":{"0":[1],"1":[4],"2":[1],"3":[0],"4":[1,3]}}
,"/home/optimus/ReactJS/coderama-movie-database/src/pages/NotFound.tsx": {"path":"/home/optimus/ReactJS/coderama-movie-database/src/pages/NotFound.tsx","statementMap":{"0":{"start":{"line":1,"column":0},"end":{"line":1,"column":40}},"1":{"start":{"line":3,"column":17},"end":{"line":15,"column":null}},"2":{"start":{"line":4,"column":2},"end":{"line":14,"column":null}},"3":{"start":{"line":18,"column":0},"end":{"line":18,"column":24}}},"fnMap":{"0":{"name":"(anonymous_0)","decl":{"start":{"line":3,"column":17},"end":{"line":3,"column":20}},"loc":{"start":{"line":4,"column":2},"end":{"line":14,"column":null}}}},"branchMap":{},"s":{"0":1,"1":1,"2":3,"3":1},"f":{"0":3},"b":{}}
,"/home/optimus/ReactJS/coderama-movie-database/src/pages/SearchPage.tsx": {"path":"/home/optimus/ReactJS/coderama-movie-database/src/pages/SearchPage.tsx","statementMap":{"0":{"start":{"line":1,"column":0},"end":{"line":1,"column":72}},"1":{"start":{"line":2,"column":0},"end":{"line":2,"column":53}},"2":{"start":{"line":3,"column":0},"end":{"line":3,"column":48}},"3":{"start":{"line":4,"column":0},"end":{"line":4,"column":67}},"4":{"start":{"line":5,"column":0},"end":{"line":5,"column":59}},"5":{"start":{"line":6,"column":0},"end":{"line":6,"column":48}},"6":{"start":{"line":8,"column":19},"end":{"line":107,"column":1}},"7":{"start":{"line":9,"column":19},"end":{"line":9,"column":46}},"8":{"start":{"line":10,"column":30},"end":{"line":10,"column":78}},"9":{"start":{"line":10,"column":45},"end":{"line":10,"column":77}},"10":{"start":{"line":11,"column":28},"end":{"line":11,"column":44}},"11":{"start":{"line":13,"column":4},"end":{"line":13,"column":26}},"12":{"start":{"line":15,"column":23},"end":{"line":17,"column":8}},"13":{"start":{"line":16,"column":4},"end":{"line":16,"column":66}},"14":{"start":{"line":19,"column":2},"end":{"line":34,"column":21}},"15":{"start":{"line":20,"column":32},"end":{"line":20,"column":66}},"16":{"start":{"line":22,"column":4},"end":{"line":27,"column":5}},"17":{"start":{"line":23,"column":6},"end":{"line":26,"column":9}},"18":{"start":{"line":29,"column":4},"end":{"line":29,"column":52}},"19":{"start":{"line":31,"column":4},"end":{"line":33,"column":6}},"20":{"start":{"line":32,"column":6},"end":{"line":32,"column":57}},"21":{"start":{"line":36,"column":29},"end":{"line":51,"column":null}},"22":{"start":{"line":38,"column":23},"end":{"line":38,"column":37}},"23":{"start":{"line":40,"column":6},"end":{"line":40,"column":26}},"24":{"start":{"line":41,"column":6},"end":{"line":41,"column":65}},"25":{"start":{"line":43,"column":6},"end":{"line":45,"column":7}},"26":{"start":{"line":44,"column":8},"end":{"line":44,"column":40}},"27":{"start":{"line":47,"column":6},"end":{"line":49,"column":25}},"28":{"start":{"line":48,"column":8},"end":{"line":48,"column":27}},"29":{"start":{"line":54,"column":23},"end":{"line":76,"column":12}},"30":{"start":{"line":55,"column":4},"end":{"line":57,"column":5}},"31":{"start":{"line":56,"column":6},"end":{"line":56,"column":19}},"32":{"start":{"line":59,"column":4},"end":{"line":65,"column":5}},"33":{"start":{"line":60,"column":6},"end":{"line":64,"column":8}},"34":{"start":{"line":67,"column":4},"end":{"line":75,"column":6}},"35":{"start":{"line":70,"column":29},"end":{"line":70,"column":40}},"36":{"start":{"line":72,"column":12},"end":{"line":72,"column":42}},"37":{"start":{"line":78,"column":19},"end":{"line":82,"column":33}},"38":{"start":{"line":79,"column":4},"end":{"line":81,"column":5}},"39":{"start":{"line":80,"column":6},"end":{"line":80,"column":22}},"40":{"start":{"line":84,"column":2},"end":{"line":106,"column":4}},"41":{"start":{"line":90,"column":25},"end":{"line":90,"column":46}},"42":{"start":{"line":109,"column":0},"end":{"line":109,"column":26}}},"fnMap":{"0":{"name":"(anonymous_1)","decl":{"start":{"line":8,"column":19},"end":{"line":8,"column":22}},"loc":{"start":{"line":8,"column":24},"end":{"line":107,"column":1}}},"1":{"name":"(anonymous_2)","decl":{"start":{"line":10,"column":39},"end":{"line":10,"column":42}},"loc":{"start":{"line":10,"column":45},"end":{"line":10,"column":77}}},"2":{"name":"(anonymous_3)","decl":{"start":{"line":15,"column":35},"end":{"line":15,"column":38}},"loc":{"start":{"line":15,"column":40},"end":{"line":17,"column":3}}},"3":{"name":"(anonymous_4)","decl":{"start":{"line":19,"column":12},"end":{"line":19,"column":15}},"loc":{"start":{"line":19,"column":17},"end":{"line":34,"column":3}}},"4":{"name":"(anonymous_5)","decl":{"start":{"line":31,"column":11},"end":{"line":31,"column":14}},"loc":{"start":{"line":31,"column":16},"end":{"line":33,"column":5}}},"5":{"name":"(anonymous_6)","decl":{"start":{"line":37,"column":4},"end":{"line":37,"column":5}},"loc":{"start":{"line":37,"column":47},"end":{"line":50,"column":5}}},"6":{"name":"(anonymous_7)","decl":{"start":{"line":47,"column":43},"end":{"line":47,"column":46}},"loc":{"start":{"line":47,"column":48},"end":{"line":49,"column":7}}},"7":{"name":"(anonymous_8)","decl":{"start":{"line":54,"column":35},"end":{"line":54,"column":38}},"loc":{"start":{"line":54,"column":40},"end":{"line":76,"column":3}}},"8":{"name":"(anonymous_9)","decl":{"start":{"line":70,"column":19},"end":{"line":70,"column":20}},"loc":{"start":{"line":70,"column":29},"end":{"line":70,"column":40}}},"9":{"name":"(anonymous_10)","decl":{"start":{"line":71,"column":15},"end":{"line":71,"column":16}},"loc":{"start":{"line":72,"column":12},"end":{"line":72,"column":42}}},"10":{"name":"(anonymous_11)","decl":{"start":{"line":78,"column":31},"end":{"line":78,"column":34}},"loc":{"start":{"line":78,"column":36},"end":{"line":82,"column":3}}},"11":{"name":"(anonymous_12)","decl":{"start":{"line":90,"column":18},"end":{"line":90,"column":19}},"loc":{"start":{"line":90,"column":25},"end":{"line":90,"column":46}}}},"branchMap":{"0":{"loc":{"start":{"line":22,"column":4},"end":{"line":27,"column":5}},"type":"if","locations":[{"start":{"line":22,"column":4},"end":{"line":27,"column":5}}]},"1":{"loc":{"start":{"line":43,"column":6},"end":{"line":45,"column":7}},"type":"if","locations":[{"start":{"line":43,"column":6},"end":{"line":45,"column":7}}]},"2":{"loc":{"start":{"line":55,"column":4},"end":{"line":57,"column":5}},"type":"if","locations":[{"start":{"line":55,"column":4},"end":{"line":57,"column":5}}]},"3":{"loc":{"start":{"line":59,"column":4},"end":{"line":65,"column":5}},"type":"if","locations":[{"start":{"line":59,"column":4},"end":{"line":65,"column":5}}]},"4":{"loc":{"start":{"line":79,"column":4},"end":{"line":81,"column":5}},"type":"if","locations":[{"start":{"line":79,"column":4},"end":{"line":81,"column":5}}]},"5":{"loc":{"start":{"line":94,"column":7},"end":{"line":97,"column":null}},"type":"binary-expr","locations":[{"start":{"line":94,"column":7},"end":{"line":94,"column":14}},{"start":{"line":95,"column":8},"end":{"line":96,"column":null}}]},"6":{"loc":{"start":{"line":100,"column":7},"end":{"line":100,"column":59}},"type":"binary-expr","locations":[{"start":{"line":100,"column":7},"end":{"line":100,"column":17}},{"start":{"line":100,"column":21},"end":{"line":100,"column":59}}]}},"s":{"0":1,"1":1,"2":1,"3":1,"4":1,"5":1,"6":1,"7":11,"8":11,"9":3,"10":11,"11":11,"12":11,"13":0,"14":11,"15":3,"16":3,"17":0,"18":3,"19":3,"20":3,"21":11,"22":4,"23":4,"24":4,"25":4,"26":1,"27":4,"28":3,"29":11,"30":11,"31":9,"32":2,"33":1,"34":1,"35":1,"36":10,"37":11,"38":0,"39":0,"40":11,"41":4,"42":1},"f":{"0":11,"1":3,"2":0,"3":3,"4":3,"5":4,"6":3,"7":11,"8":1,"9":10,"10":0,"11":4},"b":{"0":[0],"1":[1],"2":[9],"3":[1],"4":[0],"5":[11,0],"6":[11,2]}}
,"/home/optimus/ReactJS/coderama-movie-database/src/tests/utils/renderWithProviders.tsx": {"path":"/home/optimus/ReactJS/coderama-movie-database/src/tests/utils/renderWithProviders.tsx","statementMap":{"0":{"start":{"line":1,"column":0},"end":{"line":1,"column":76}},"1":{"start":{"line":3,"column":0},"end":{"line":3,"column":63}},"2":{"start":{"line":4,"column":0},"end":{"line":4,"column":49}},"3":{"start":{"line":5,"column":0},"end":{"line":5,"column":49}},"4":{"start":{"line":6,"column":0},"end":{"line":6,"column":67}},"5":{"start":{"line":8,"column":15},"end":{"line":26,"column":1}},"6":{"start":{"line":9,"column":22},"end":{"line":9,"column":56}},"7":{"start":{"line":11,"column":2},"end":{"line":25,"column":4}},"8":{"start":{"line":31,"column":9},"end":{"line":31,"column":15}},"9":{"start":{"line":29,"column":0},"end":{"line":29,"column":39}}},"fnMap":{"0":{"name":"(anonymous_4)","decl":{"start":{"line":8,"column":15},"end":{"line":8,"column":16}},"loc":{"start":{"line":8,"column":67},"end":{"line":26,"column":1}}}},"branchMap":{},"s":{"0":3,"1":3,"2":3,"3":3,"4":3,"5":3,"6":8,"7":8,"8":3,"9":3},"f":{"0":8},"b":{}}
,"/home/optimus/ReactJS/coderama-movie-database/src/utils/index.tsx": {"path":"/home/optimus/ReactJS/coderama-movie-database/src/utils/index.tsx","statementMap":{"0":{"start":{"line":3,"column":36},"end":{"line":6,"column":1}},"1":{"start":{"line":4,"column":20},"end":{"line":4,"column":45}},"2":{"start":{"line":5,"column":2},"end":{"line":5,"column":48}},"3":{"start":{"line":3,"column":13},"end":{"line":3,"column":36}},"4":{"start":{"line":8,"column":30},"end":{"line":23,"column":null}},"5":{"start":{"line":12,"column":2},"end":{"line":22,"column":null}},"6":{"start":{"line":18,"column":23},"end":{"line":18,"column":43}},"7":{"start":{"line":8,"column":13},"end":{"line":8,"column":30}}},"fnMap":{"0":{"name":"(anonymous_0)","decl":{"start":{"line":3,"column":36},"end":{"line":3,"column":37}},"loc":{"start":{"line":3,"column":52},"end":{"line":6,"column":1}}},"1":{"name":"(anonymous_1)","decl":{"start":{"line":8,"column":30},"end":{"line":8,"column":31}},"loc":{"start":{"line":12,"column":2},"end":{"line":22,"column":null}}},"2":{"name":"(anonymous_2)","decl":{"start":{"line":18,"column":17},"end":{"line":18,"column":20}},"loc":{"start":{"line":18,"column":23},"end":{"line":18,"column":43}}}},"branchMap":{"0":{"loc":{"start":{"line":5,"column":9},"end":{"line":5,"column":47}},"type":"cond-expr","locations":[{"start":{"line":5,"column":21},"end":{"line":5,"column":42}},{"start":{"line":5,"column":45},"end":{"line":5,"column":47}}]}},"s":{"0":4,"1":14,"2":14,"3":4,"4":4,"5":0,"6":0,"7":4},"f":{"0":14,"1":0,"2":0},"b":{"0":[3,11]}}
}
