TN:
SF:src/components/Loader.tsx
FN:1,(anonymous_0)
FNF:1
FNH:1
FNDA:4,(anonymous_0)
DA:1,1
DA:2,4
DA:7,1
LF:3
LH:3
BRF:0
BRH:0
end_of_record
TN:
SF:src/components/MovieCard.tsx
FN:4,(anonymous_0)
FNF:1
FNH:1
FNDA:12,(anonymous_0)
DA:1,3
DA:4,3
DA:5,12
DA:19,3
LF:4
LH:4
BRF:0
BRH:0
end_of_record
TN:
SF:src/components/StarButton.tsx
FN:4,(anonymous_1)
FNF:1
FNH:1
FNDA:4,(anonymous_1)
DA:1,1
DA:2,1
DA:4,1
DA:13,4
DA:26,1
LF:5
LH:5
BRDA:7,0,0,4
BRDA:15,1,0,1
BRDA:15,1,1,3
BRDA:16,2,0,1
BRDA:16,2,1,3
BRDA:18,3,0,1
BRDA:18,3,1,3
BRF:7
BRH:7
end_of_record
TN:
SF:src/config/index.ts
FNF:0
FNH:0
DA:1,4
DA:2,4
DA:4,4
DA:6,4
DA:18,4
DA:19,4
DA:20,4
DA:22,4
DA:25,4
LF:9
LH:9
BRF:0
BRH:0
end_of_record
TN:
SF:src/context/FavoritesContext.tsx
FN:20,(anonymous_0)
FN:32,(anonymous_1)
FN:40,(anonymous_2)
FN:47,(anonymous_3)
FN:52,(anonymous_4)
FN:56,(anonymous_5)
FNF:6
FNH:6
FNDA:13,(anonymous_0)
FNDA:2,(anonymous_1)
FNDA:1,(anonymous_2)
FNDA:13,(anonymous_3)
FNDA:11,(anonymous_4)
FNDA:13,(anonymous_5)
DA:1,4
DA:2,4
DA:4,4
DA:15,4
DA:20,4
DA:21,13
DA:23,13
DA:24,0
DA:29,13
DA:32,4
DA:36,2
DA:38,1
DA:40,1
DA:47,4
DA:52,13
DA:53,11
DA:56,13
DA:57,13
DA:60,13
LF:19
LH:18
BRDA:23,0,0,0
BRDA:36,1,0,1
BRDA:36,1,1,1
BRF:3
BRH:2
end_of_record
TN:
SF:src/hooks/useMovieDetail.ts
FN:5,(anonymous_0)
FN:14,(anonymous_1)
FN:20,(anonymous_2)
FNF:3
FNH:3
FNDA:4,(anonymous_0)
FNDA:10,(anonymous_1)
FNDA:4,(anonymous_2)
DA:1,1
DA:2,1
DA:5,1
DA:6,4
DA:10,4
DA:11,3
DA:14,1
DA:15,10
DA:17,10
DA:20,4
LF:10
LH:10
BRF:0
BRH:0
end_of_record
TN:
SF:src/hooks/useSearchMovies.ts
FN:10,(anonymous_0)
FN:25,(anonymous_1)
FN:31,(anonymous_2)
FN:32,(anonymous_3)
FNF:4
FNH:4
FNDA:2,(anonymous_0)
FNDA:11,(anonymous_1)
FNDA:2,(anonymous_2)
FNDA:6,(anonymous_3)
DA:1,1
DA:2,1
DA:10,1
DA:17,2
DA:21,2
DA:22,2
DA:25,1
DA:26,11
DA:28,11
DA:31,2
DA:33,6
DA:34,6
LF:12
LH:12
BRDA:11,0,0,2
BRDA:33,1,0,6
BRDA:33,1,1,3
BRDA:34,2,0,3
BRDA:34,2,1,3
BRF:5
BRH:5
end_of_record
TN:
SF:src/pages/FavoritesPage.tsx
FN:4,(anonymous_1)
FN:7,(anonymous_2)
FN:14,(anonymous_3)
FNF:3
FNH:3
FNDA:3,(anonymous_1)
FNDA:3,(anonymous_2)
FNDA:2,(anonymous_3)
DA:1,2
DA:2,2
DA:4,2
DA:5,3
DA:7,3
DA:8,3
DA:9,2
DA:12,1
DA:15,2
DA:21,3
DA:29,2
LF:11
LH:11
BRDA:8,0,0,2
BRF:1
BRH:1
end_of_record
TN:
SF:src/pages/MoviePage.tsx
FN:11,(anonymous_1)
FN:36,(anonymous_2)
FN:41,(anonymous_3)
FN:44,(anonymous_4)
FN:45,(anonymous_5)
FNF:5
FNH:5
FNDA:10,(anonymous_1)
FNDA:4,(anonymous_2)
FNDA:1,(anonymous_3)
FNDA:1,(anonymous_4)
FNDA:1,(anonymous_5)
DA:1,1
DA:2,1
DA:3,1
DA:4,1
DA:5,1
DA:11,1
DA:12,10
DA:13,10
DA:14,10
DA:16,10
DA:17,1
DA:24,9
DA:25,4
DA:28,5
DA:29,1
DA:36,4
DA:37,4
DA:38,0
DA:41,4
DA:43,4
DA:44,1
DA:45,1
DA:47,4
DA:50,4
DA:82,1
LF:25
LH:24
BRDA:16,0,0,1
BRDA:24,1,0,4
BRDA:28,2,0,1
BRDA:37,3,0,0
BRDA:43,4,0,1
BRDA:43,4,1,3
BRF:6
BRH:5
end_of_record
TN:
SF:src/pages/NotFound.tsx
FN:3,(anonymous_0)
FNF:1
FNH:1
FNDA:3,(anonymous_0)
DA:1,1
DA:3,1
DA:4,3
DA:18,1
LF:4
LH:4
BRF:0
BRH:0
end_of_record
TN:
SF:src/pages/SearchPage.tsx
FN:8,(anonymous_1)
FN:10,(anonymous_2)
FN:15,(anonymous_3)
FN:19,(anonymous_4)
FN:31,(anonymous_5)
FN:37,(anonymous_6)
FN:47,(anonymous_7)
FN:54,(anonymous_8)
FN:70,(anonymous_9)
FN:71,(anonymous_10)
FN:78,(anonymous_11)
FN:90,(anonymous_12)
FNF:12
FNH:10
FNDA:11,(anonymous_1)
FNDA:3,(anonymous_2)
FNDA:0,(anonymous_3)
FNDA:3,(anonymous_4)
FNDA:3,(anonymous_5)
FNDA:4,(anonymous_6)
FNDA:3,(anonymous_7)
FNDA:11,(anonymous_8)
FNDA:1,(anonymous_9)
FNDA:10,(anonymous_10)
FNDA:0,(anonymous_11)
FNDA:4,(anonymous_12)
DA:1,1
DA:2,1
DA:3,1
DA:4,1
DA:5,1
DA:6,1
DA:8,1
DA:9,11
DA:10,11
DA:11,11
DA:13,11
DA:15,11
DA:16,0
DA:19,11
DA:20,3
DA:22,3
DA:23,0
DA:29,3
DA:31,3
DA:32,3
DA:36,11
DA:38,4
DA:40,4
DA:41,4
DA:43,4
DA:44,1
DA:47,4
DA:48,3
DA:54,11
DA:55,11
DA:56,9
DA:59,2
DA:60,1
DA:67,1
DA:70,1
DA:72,10
DA:78,11
DA:79,0
DA:80,0
DA:84,11
DA:90,4
DA:109,1
LF:42
LH:38
BRDA:22,0,0,0
BRDA:43,1,0,1
BRDA:55,2,0,9
BRDA:59,3,0,1
BRDA:79,4,0,0
BRDA:94,5,0,11
BRDA:94,5,1,0
BRDA:100,6,0,11
BRDA:100,6,1,2
BRF:9
BRH:6
end_of_record
TN:
SF:src/tests/utils/renderWithProviders.tsx
FN:8,(anonymous_4)
FNF:1
FNH:1
FNDA:8,(anonymous_4)
DA:1,3
DA:3,3
DA:4,3
DA:5,3
DA:6,3
DA:8,3
DA:9,8
DA:11,8
DA:29,3
DA:31,3
LF:10
LH:10
BRF:0
BRH:0
end_of_record
TN:
SF:src/utils/index.tsx
FN:3,(anonymous_0)
FN:8,(anonymous_1)
FN:18,(anonymous_2)
FNF:3
FNH:1
FNDA:14,(anonymous_0)
FNDA:0,(anonymous_1)
FNDA:0,(anonymous_2)
DA:3,4
DA:4,14
DA:5,14
DA:8,4
DA:12,0
DA:18,0
LF:6
LH:4
BRDA:5,0,0,3
BRDA:5,0,1,11
BRF:2
BRH:2
end_of_record
